# JRE version: Java(TM) SE Runtime Environment (8.0_45-b14) (build 1.8.0_45-b14)
# Java VM: Java HotSpot(TM) 64-Bit Server VM (25.45-b02 mixed mode bsd-amd64 compressed oops)
Heap:
 PSYoungGen      total 71680K, used 16312K [0x0000000795580000, 0x000000079e780000, 0x00000007c0000000)
  eden space 66560K, 24% used [0x0000000795580000,0x000000079656e278,0x0000000799680000)
  from space 5120K, 0% used [0x0000000799680000,0x0000000799680000,0x0000000799b80000)
  to   space 8192K, 0% used [0x000000079df80000,0x000000079df80000,0x000000079e780000)
 ParOldGen       total 56320K, used 5420K [0x0000000740000000, 0x0000000743700000, 0x0000000795580000)
  object space 56320K, 9% used [0x0000000740000000,0x000000074054b240,0x0000000743700000)
 Metaspace       used 21350K, capacity 22444K, committed 22656K, reserved 1069056K
  class space    used 2675K, capacity 2914K, committed 2944K, reserved 1048576K
GC Heap History (10 events):
Event: 2.507 GC heap before
{Heap before GC invocations=2 (full 0):
 PSYoungGen      total 38400K, used 37162K [0x0000000795580000, 0x0000000798000000, 0x00000007c0000000)
  eden space 33280K, 100% used [0x0000000795580000,0x0000000797600000,0x0000000797600000)
  from space 5120K, 75% used [0x0000000797600000,0x00000007979ca950,0x0000000797b00000)
  to   space 5120K, 0% used [0x0000000797b00000,0x0000000797b00000,0x0000000798000000)
 ParOldGen       total 87552K, used 16K [0x0000000740000000, 0x0000000745580000, 0x0000000795580000)
  object space 87552K, 0% used [0x0000000740000000,0x0000000740004000,0x0000000745580000)
 Metaspace       used 12768K, capacity 13336K, committed 13568K, reserved 1060864K
  class space    used 1575K, capacity 1724K, committed 1792K, reserved 1048576K
Event: 2.515 GC heap after
Heap after GC invocations=2 (full 0):
 PSYoungGen      total 38400K, used 5088K [0x0000000795580000, 0x0000000798000000, 0x00000007c0000000)
  eden space 33280K, 0% used [0x0000000795580000,0x0000000795580000,0x0000000797600000)
  from space 5120K, 99% used [0x0000000797b00000,0x0000000797ff8370,0x0000000798000000)
  to   space 5120K, 0% used [0x0000000797600000,0x0000000797600000,0x0000000797b00000)
 ParOldGen       total 87552K, used 210K [0x0000000740000000, 0x0000000745580000, 0x0000000795580000)
  object space 87552K, 0% used [0x0000000740000000,0x00000007400349a0,0x0000000745580000)
 Metaspace       used 12768K, capacity 13336K, committed 13568K, reserved 1060864K
  class space    used 1575K, capacity 1724K, committed 1792K, reserved 1048576K
}
Event: 2.962 GC heap before
{Heap before GC invocations=3 (full 0):
 PSYoungGen      total 38400K, used 38368K [0x0000000795580000, 0x0000000798000000, 0x00000007c0000000)
  eden space 33280K, 100% used [0x0000000795580000,0x0000000797600000,0x0000000797600000)
  from space 5120K, 99% used [0x0000000797b00000,0x0000000797ff8370,0x0000000798000000)
  to   space 5120K, 0% used [0x0000000797600000,0x0000000797600000,0x0000000797b00000)
 ParOldGen       total 87552K, used 210K [0x0000000740000000, 0x0000000745580000, 0x0000000795580000)
  object space 87552K, 0% used [0x0000000740000000,0x00000007400349a0,0x0000000745580000)
 Metaspace       used 16570K, capacity 17252K, committed 17536K, reserved 1064960K
  class space    used 2021K, capacity 2170K, committed 2176K, reserved 1048576K
Event: 2.971 GC heap after
Heap after GC invocations=3 (full 0):
 PSYoungGen      total 38400K, used 5107K [0x0000000795580000, 0x000000079a080000, 0x00000007c0000000)
  eden space 33280K, 0% used [0x0000000795580000,0x0000000795580000,0x0000000797600000)
  from space 5120K, 99% used [0x0000000797600000,0x0000000797afcf10,0x0000000797b00000)
  to   space 5120K, 0% used [0x0000000799b80000,0x0000000799b80000,0x000000079a080000)
 ParOldGen       total 87552K, used 2091K [0x0000000740000000, 0x0000000745580000, 0x0000000795580000)
  object space 87552K, 2% used [0x0000000740000000,0x000000074020af18,0x0000000745580000)
 Metaspace       used 16570K, capacity 17252K, committed 17536K, reserved 1064960K
  class space    used 2021K, capacity 2170K, committed 2176K, reserved 1048576K
}
Event: 3.990 GC heap before
{Heap before GC invocations=4 (full 0):
 PSYoungGen      total 38400K, used 38387K [0x0000000795580000, 0x000000079a080000, 0x00000007c0000000)
  eden space 33280K, 100% used [0x0000000795580000,0x0000000797600000,0x0000000797600000)
  from space 5120K, 99% used [0x0000000797600000,0x0000000797afcf10,0x0000000797b00000)
  to   space 5120K, 0% used [0x0000000799b80000,0x0000000799b80000,0x000000079a080000)
 ParOldGen       total 87552K, used 2091K [0x0000000740000000, 0x0000000745580000, 0x0000000795580000)
  object space 87552K, 2% used [0x0000000740000000,0x000000074020af18,0x0000000745580000)
 Metaspace       used 19353K, capacity 20254K, committed 20352K, reserved 1067008K
  class space    used 2411K, capacity 2613K, committed 2688K, reserved 1048576K
Event: 4.005 GC heap after
Heap after GC invocations=4 (full 0):
 PSYoungGen      total 71680K, used 5109K [0x0000000795580000, 0x000000079a080000, 0x00000007c0000000)
  eden space 66560K, 0% used [0x0000000795580000,0x0000000795580000,0x0000000799680000)
  from space 5120K, 99% used [0x0000000799b80000,0x000000079a07d6d8,0x000000079a080000)
  to   space 5120K, 0% used [0x0000000799680000,0x0000000799680000,0x0000000799b80000)
 ParOldGen       total 87552K, used 3983K [0x0000000740000000, 0x0000000745580000, 0x0000000795580000)
  object space 87552K, 4% used [0x0000000740000000,0x00000007403e3f78,0x0000000745580000)
 Metaspace       used 19353K, capacity 20254K, committed 20352K, reserved 1067008K
  class space    used 2411K, capacity 2613K, committed 2688K, reserved 1048576K
}
Event: 4.520 GC heap before
{Heap before GC invocations=5 (full 0):
 PSYoungGen      total 71680K, used 20076K [0x0000000795580000, 0x000000079a080000, 0x00000007c0000000)
  eden space 66560K, 22% used [0x0000000795580000,0x000000079641d998,0x0000000799680000)
  from space 5120K, 99% used [0x0000000799b80000,0x000000079a07d6d8,0x000000079a080000)
  to   space 5120K, 0% used [0x0000000799680000,0x0000000799680000,0x0000000799b80000)
 ParOldGen       total 87552K, used 3983K [0x0000000740000000, 0x0000000745580000, 0x0000000795580000)
  object space 87552K, 4% used [0x0000000740000000,0x00000007403e3f78,0x0000000745580000)
 Metaspace       used 20226K, capacity 21180K, committed 21248K, reserved 1067008K
  class space    used 2526K, capacity 2770K, committed 2816K, reserved 1048576K
Event: 4.530 GC heap after
Heap after GC invocations=5 (full 0):
 PSYoungGen      total 71680K, used 5100K [0x0000000795580000, 0x000000079e780000, 0x00000007c0000000)
  eden space 66560K, 0% used [0x0000000795580000,0x0000000795580000,0x0000000799680000)
  from space 5120K, 99% used [0x0000000799680000,0x0000000799b7b050,0x0000000799b80000)
  to   space 8192K, 0% used [0x000000079df80000,0x000000079df80000,0x000000079e780000)
 ParOldGen       total 87552K, used 4539K [0x0000000740000000, 0x0000000745580000, 0x0000000795580000)
  object space 87552K, 5% used [0x0000000740000000,0x000000074046ef48,0x0000000745580000)
 Metaspace       used 20226K, capacity 21180K, committed 21248K, reserved 1067008K
  class space    used 2526K, capacity 2770K, committed 2816K, reserved 1048576K
}
Event: 4.530 GC heap before
{Heap before GC invocations=6 (full 1):
 PSYoungGen      total 71680K, used 5100K [0x0000000795580000, 0x000000079e780000, 0x00000007c0000000)
  eden space 66560K, 0% used [0x0000000795580000,0x0000000795580000,0x0000000799680000)
  from space 5120K, 99% used [0x0000000799680000,0x0000000799b7b050,0x0000000799b80000)
  to   space 8192K, 0% used [0x000000079df80000,0x000000079df80000,0x000000079e780000)
 ParOldGen       total 87552K, used 4539K [0x0000000740000000, 0x0000000745580000, 0x0000000795580000)
  object space 87552K, 5% used [0x0000000740000000,0x000000074046ef48,0x0000000745580000)
 Metaspace       used 20226K, capacity 21180K, committed 21248K, reserved 1067008K
  class space    used 2526K, capacity 2770K, committed 2816K, reserved 1048576K
Event: 4.575 GC heap after
Heap after GC invocations=6 (full 1):
 PSYoungGen      total 71680K, used 0K [0x0000000795580000, 0x000000079e780000, 0x00000007c0000000)
  eden space 66560K, 0% used [0x0000000795580000,0x0000000795580000,0x0000000799680000)
  from space 5120K, 0% used [0x0000000799680000,0x0000000799680000,0x0000000799b80000)
  to   space 8192K, 0% used [0x000000079df80000,0x000000079df80000,0x000000079e780000)
 ParOldGen       total 56320K, used 5420K [0x0000000740000000, 0x0000000743700000, 0x0000000795580000)
  object space 56320K, 9% used [0x0000000740000000,0x000000074054b240,0x0000000743700000)
 Metaspace       used 20226K, capacity 21180K, committed 21248K, reserved 1067008K
  class space    used 2526K, capacity 2770K, committed 2816K, reserved 1048576K
}

